<?xml version="1.0" encoding="UTF-8"?>
<!-- Generated by org.testng.reporters.JUnitXMLReporter -->
<testsuite ignored="0" hostname="DESKTOP-J3GJJKV" failures="0" tests="2" name="Testing" time="16.74" errors="0" timestamp="2024-09-24T12:27:30 IST">
  <testcase classname="com.opencart.testcases.TC001_AccountRegistrationTest" name="verify_account_registration" time="3.068"/>
  <testcase classname="com.opencart.testcases.TC002_UserLoginTest" name="verify_user_login" time="2.124"/>
</testsuite> <!-- Testing -->
