<?xml version="1.0" encoding="UTF-8"?>
<!-- Generated by org.testng.reporters.JUnitXMLReporter -->
<testsuite ignored="0" hostname="DESKTOP-J3GJJKV" failures="0" tests="2" name="Testing" time="22.681" errors="0" timestamp="2024-09-24T12:09:52 IST">
  <testcase classname="com.opencart.testcases.TC001_AccountRegistrationTest" name="verify_account_registration" time="2.315"/>
  <testcase classname="com.opencart.testcases.TC002_UserLoginTest" name="verify_user_login" time="1.371"/>
</testsuite> <!-- Testing -->
