<?xml version="1.0" encoding="UTF-8"?>
<testng-results ignored="0" total="2" passed="2" failed="0" skipped="0">
  <reporter-output>
  </reporter-output>
  <suite started-at="2024-09-24T12:27:11 IST" name="master suite" finished-at="2024-09-24T12:27:28 IST" duration-ms="16740">
    <groups>
      <group name="Master">
        <method signature="TC001_AccountRegistrationTest.verify_account_registration()[pri:0, instance:com.opencart.testcases.TC001_AccountRegistrationTest@119020fb]" name="verify_account_registration" class="com.opencart.testcases.TC001_AccountRegistrationTest"/>
        <method signature="TC002_UserLoginTest.verify_user_login()[pri:0, instance:com.opencart.testcases.TC002_UserLoginTest@25e2ab5a]" name="verify_user_login" class="com.opencart.testcases.TC002_UserLoginTest"/>
      </group> <!-- Master -->
      <group name="Sanity">
        <method signature="TC002_UserLoginTest.verify_user_login()[pri:0, instance:com.opencart.testcases.TC002_UserLoginTest@25e2ab5a]" name="verify_user_login" class="com.opencart.testcases.TC002_UserLoginTest"/>
      </group> <!-- Sanity -->
      <group name="Regression">
        <method signature="TC001_AccountRegistrationTest.verify_account_registration()[pri:0, instance:com.opencart.testcases.TC001_AccountRegistrationTest@119020fb]" name="verify_account_registration" class="com.opencart.testcases.TC001_AccountRegistrationTest"/>
      </group> <!-- Regression -->
    </groups>
    <test started-at="2024-09-24T12:27:11 IST" name="Testing" finished-at="2024-09-24T12:27:28 IST" duration-ms="16740">
      <class name="com.opencart.testcases.TC001_AccountRegistrationTest">
        <test-method is-config="true" signature="setup(java.lang.String,java.lang.String)[pri:0, instance:com.opencart.testcases.TC001_AccountRegistrationTest@119020fb]" started-at="2024-09-24T12:27:11 IST" name="setup" finished-at="2024-09-24T12:27:16 IST" duration-ms="5137" status="PASS">
          <params>
            <param index="0">
              <value>
                <![CDATA[windows]]>
              </value>
            </param>
            <param index="1">
              <value>
                <![CDATA[chrome]]>
              </value>
            </param>
          </params>
          <reporter-output>
          </reporter-output>
        </test-method> <!-- setup -->
        <test-method signature="verify_account_registration()[pri:0, instance:com.opencart.testcases.TC001_AccountRegistrationTest@119020fb]" started-at="2024-09-24T12:27:16 IST" name="verify_account_registration" finished-at="2024-09-24T12:27:19 IST" duration-ms="3068" status="PASS">
          <reporter-output>
          </reporter-output>
        </test-method> <!-- verify_account_registration -->
        <test-method is-config="true" signature="teardown()[pri:0, instance:com.opencart.testcases.TC001_AccountRegistrationTest@119020fb]" started-at="2024-09-24T12:27:19 IST" name="teardown" finished-at="2024-09-24T12:27:20 IST" duration-ms="230" status="PASS">
          <reporter-output>
          </reporter-output>
        </test-method> <!-- teardown -->
      </class> <!-- com.opencart.testcases.TC001_AccountRegistrationTest -->
      <class name="com.opencart.testcases.TC002_UserLoginTest">
        <test-method is-config="true" signature="setup(java.lang.String,java.lang.String)[pri:0, instance:com.opencart.testcases.TC002_UserLoginTest@25e2ab5a]" started-at="2024-09-24T12:27:20 IST" name="setup" finished-at="2024-09-24T12:27:25 IST" duration-ms="5589" status="PASS">
          <params>
            <param index="0">
              <value>
                <![CDATA[windows]]>
              </value>
            </param>
            <param index="1">
              <value>
                <![CDATA[chrome]]>
              </value>
            </param>
          </params>
          <reporter-output>
          </reporter-output>
        </test-method> <!-- setup -->
        <test-method signature="verify_user_login()[pri:0, instance:com.opencart.testcases.TC002_UserLoginTest@25e2ab5a]" started-at="2024-09-24T12:27:25 IST" name="verify_user_login" finished-at="2024-09-24T12:27:27 IST" duration-ms="2124" status="PASS">
          <reporter-output>
          </reporter-output>
        </test-method> <!-- verify_user_login -->
        <test-method is-config="true" signature="teardown()[pri:0, instance:com.opencart.testcases.TC002_UserLoginTest@25e2ab5a]" started-at="2024-09-24T12:27:27 IST" name="teardown" finished-at="2024-09-24T12:27:28 IST" duration-ms="185" status="PASS">
          <reporter-output>
          </reporter-output>
        </test-method> <!-- teardown -->
      </class> <!-- com.opencart.testcases.TC002_UserLoginTest -->
    </test> <!-- Testing -->
  </suite> <!-- master suite -->
</testng-results>
