<?xml version="1.0" encoding="UTF-8"?>
<testsuite xmlns:xsi="http://www.w3.org/2001/XMLSchema-instance" xsi:noNamespaceSchemaLocation="https://maven.apache.org/surefire/maven-surefire-plugin/xsd/surefire-test-report.xsd" version="3.0.2" name="TestSuite" time="20.934" tests="2" errors="0" skipped="0" failures="0">
  <properties>
[...]
</properties>
  <testcase name="verify_account_registration" classname="com.opencart.testcases.TC001_AccountRegistrationTest" time="3.081">
    <system-out><![CDATA[12:27:10.826 [main] DEBUG org.testng.TestNG - suiteXmlPath: "D:\Automation\OpenCart\Project\opencartproject\master.xml"
12:27:16.781 [main] INFO  com.opencart.testcases.TC001_AccountRegistrationTest - Application launched
12:27:16.812 [main] INFO  com.opencart.testcases.TC001_AccountRegistrationTest - Start TC001_AccountRegistrationTest
12:27:17.601 [main] INFO  com.opencart.testcases.TC001_AccountRegistrationTest - user clicked on MyAcount
12:27:18.148 [main] INFO  com.opencart.testcases.TC001_AccountRegistrationTest - user clicked on Register
12:27:19.821 [main] INFO  com.opencart.testcases.TC001_AccountRegistrationTest - user clicked on Continue
12:27:19.864 [main] INFO  com.opencart.testcases.TC001_AccountRegistrationTest - validating confirmation msg
12:27:19.870 [main] INFO  com.opencart.testcases.TC001_AccountRegistrationTest - Test Finished
]]></system-out>
    <system-err><![CDATA[Sept 24, 2024 12:27:14 PM org.openqa.selenium.devtools.CdpVersionFinder findNearestMatch
WARNING: Unable to find an exact match for CDP version 129, returning the closest version; found: 128; Please update to a Selenium version that supports CDP version 129
]]></system-err>
  </testcase>
  <testcase name="verify_user_login" classname="com.opencart.testcases.TC002_UserLoginTest" time="2.126">
    <system-out><![CDATA[12:27:20.124 [main] INFO  com.opencart.testcases.TC001_AccountRegistrationTest - Application has been closed.
12:27:25.715 [main] INFO  com.opencart.testcases.TC002_UserLoginTest - Application launched
12:27:25.719 [main] INFO  com.opencart.testcases.TC002_UserLoginTest - ****** Starting TC002_UserLoginTest ******
12:27:27.727 [main] INFO  com.opencart.testcases.TC002_UserLoginTest - clicked on login button
12:27:27.842 [main] INFO  com.opencart.testcases.TC002_UserLoginTest - Login Successfully
12:27:27.842 [main] INFO  com.opencart.testcases.TC002_UserLoginTest - ****** finished TC002_UserLoginTest ******
]]></system-out>
    <system-err><![CDATA[Sept 24, 2024 12:27:20 PM org.openqa.selenium.remote.http.WebSocket$Listener onError
WARNING: Connection reset
java.net.SocketException: Connection reset
	at java.base/sun.nio.ch.SocketChannelImpl.throwConnectionReset(SocketChannelImpl.java:401)
	at java.base/sun.nio.ch.SocketChannelImpl.read(SocketChannelImpl.java:434)
	at java.net.http/jdk.internal.net.http.SocketTube.readAvailable(SocketTube.java:1178)
	at java.net.http/jdk.internal.net.http.SocketTube$InternalReadPublisher$InternalReadSubscription.read(SocketTube.java:841)
	at java.net.http/jdk.internal.net.http.SocketTube$SocketFlowTask.run(SocketTube.java:181)
	at java.net.http/jdk.internal.net.http.common.SequentialScheduler$SchedulableTask.run(SequentialScheduler.java:207)
	at java.net.http/jdk.internal.net.http.common.SequentialScheduler.runOrSchedule(SequentialScheduler.java:280)
	at java.net.http/jdk.internal.net.http.common.SequentialScheduler.runOrSchedule(SequentialScheduler.java:233)
	at java.net.http/jdk.internal.net.http.SocketTube$InternalReadPublisher$InternalReadSubscription.signalReadable(SocketTube.java:782)
	at java.net.http/jdk.internal.net.http.SocketTube$InternalReadPublisher$ReadEvent.signalEvent(SocketTube.java:965)
	at java.net.http/jdk.internal.net.http.SocketTube$SocketFlowEvent.handle(SocketTube.java:253)
	at java.net.http/jdk.internal.net.http.HttpClientImpl$SelectorManager.handleEvent(HttpClientImpl.java:1467)
	at java.net.http/jdk.internal.net.http.HttpClientImpl$SelectorManager.lambda$run$3(HttpClientImpl.java:1412)
	at java.base/java.util.ArrayList.forEach(ArrayList.java:1596)
	at java.net.http/jdk.internal.net.http.HttpClientImpl$SelectorManager.run(HttpClientImpl.java:1412)

Sept 24, 2024 12:27:22 PM org.openqa.selenium.devtools.CdpVersionFinder findNearestMatch
WARNING: Unable to find an exact match for CDP version 129, returning the closest version; found: 128; Please update to a Selenium version that supports CDP version 129
]]></system-err>
  </testcase>
</testsuite>