<?xml version="1.0" encoding="UTF-8"?>
<testng-results ignored="0" total="2" passed="2" failed="0" skipped="0">
  <reporter-output>
  </reporter-output>
  <suite started-at="2024-09-24T12:09:28 IST" name="master suite" finished-at="2024-09-24T12:09:51 IST" duration-ms="22681">
    <groups>
      <group name="Master">
        <method signature="TC001_AccountRegistrationTest.verify_account_registration()[pri:0, instance:com.opencart.testcases.TC001_AccountRegistrationTest@78fbff54]" name="verify_account_registration" class="com.opencart.testcases.TC001_AccountRegistrationTest"/>
        <method signature="TC002_UserLoginTest.verify_user_login()[pri:0, instance:com.opencart.testcases.TC002_UserLoginTest@45e37a7e]" name="verify_user_login" class="com.opencart.testcases.TC002_UserLoginTest"/>
      </group> <!-- Master -->
      <group name="Sanity">
        <method signature="TC002_UserLoginTest.verify_user_login()[pri:0, instance:com.opencart.testcases.TC002_UserLoginTest@45e37a7e]" name="verify_user_login" class="com.opencart.testcases.TC002_UserLoginTest"/>
      </group> <!-- Sanity -->
      <group name="Regression">
        <method signature="TC001_AccountRegistrationTest.verify_account_registration()[pri:0, instance:com.opencart.testcases.TC001_AccountRegistrationTest@78fbff54]" name="verify_account_registration" class="com.opencart.testcases.TC001_AccountRegistrationTest"/>
      </group> <!-- Regression -->
    </groups>
    <test started-at="2024-09-24T12:09:28 IST" name="Testing" finished-at="2024-09-24T12:09:51 IST" duration-ms="22681">
      <class name="com.opencart.testcases.TC001_AccountRegistrationTest">
        <test-method is-config="true" signature="setup(java.lang.String,java.lang.String)[pri:0, instance:com.opencart.testcases.TC001_AccountRegistrationTest@78fbff54]" started-at="2024-09-24T12:09:28 IST" name="setup" finished-at="2024-09-24T12:09:41 IST" duration-ms="12803" status="PASS">
          <params>
            <param index="0">
              <value>
                <![CDATA[windows]]>
              </value>
            </param>
            <param index="1">
              <value>
                <![CDATA[chrome]]>
              </value>
            </param>
          </params>
          <reporter-output>
          </reporter-output>
        </test-method> <!-- setup -->
        <test-method signature="verify_account_registration()[pri:0, instance:com.opencart.testcases.TC001_AccountRegistrationTest@78fbff54]" started-at="2024-09-24T12:09:41 IST" name="verify_account_registration" finished-at="2024-09-24T12:09:44 IST" duration-ms="2315" status="PASS">
          <reporter-output>
          </reporter-output>
        </test-method> <!-- verify_account_registration -->
        <test-method is-config="true" signature="teardown()[pri:0, instance:com.opencart.testcases.TC001_AccountRegistrationTest@78fbff54]" started-at="2024-09-24T12:09:44 IST" name="teardown" finished-at="2024-09-24T12:09:44 IST" duration-ms="206" status="PASS">
          <reporter-output>
          </reporter-output>
        </test-method> <!-- teardown -->
      </class> <!-- com.opencart.testcases.TC001_AccountRegistrationTest -->
      <class name="com.opencart.testcases.TC002_UserLoginTest">
        <test-method is-config="true" signature="setup(java.lang.String,java.lang.String)[pri:0, instance:com.opencart.testcases.TC002_UserLoginTest@45e37a7e]" started-at="2024-09-24T12:09:44 IST" name="setup" finished-at="2024-09-24T12:09:49 IST" duration-ms="5315" status="PASS">
          <params>
            <param index="0">
              <value>
                <![CDATA[windows]]>
              </value>
            </param>
            <param index="1">
              <value>
                <![CDATA[chrome]]>
              </value>
            </param>
          </params>
          <reporter-output>
          </reporter-output>
        </test-method> <!-- setup -->
        <test-method signature="verify_user_login()[pri:0, instance:com.opencart.testcases.TC002_UserLoginTest@45e37a7e]" started-at="2024-09-24T12:09:49 IST" name="verify_user_login" finished-at="2024-09-24T12:09:50 IST" duration-ms="1371" status="PASS">
          <reporter-output>
          </reporter-output>
        </test-method> <!-- verify_user_login -->
        <test-method is-config="true" signature="teardown()[pri:0, instance:com.opencart.testcases.TC002_UserLoginTest@45e37a7e]" started-at="2024-09-24T12:09:50 IST" name="teardown" finished-at="2024-09-24T12:09:51 IST" duration-ms="214" status="PASS">
          <reporter-output>
          </reporter-output>
        </test-method> <!-- teardown -->
      </class> <!-- com.opencart.testcases.TC002_UserLoginTest -->
    </test> <!-- Testing -->
  </suite> <!-- master suite -->
</testng-results>
